Warning: You are sending unauthenticated requests to the HF Hub. Please set a HF_TOKEN to enable higher rate limits and faster downloads.
WARNING:huggingface_hub.utils._http:Warning: You are sending unauthenticated requests to the HF Hub. Please set a HF_TOKEN to enable higher rate limits and faster downloads.
Loading weights:   0%|          | 0/103 [00:00<?, ?it/s]Loading weights:  25%|██▌       | 26/103 [00:00<00:00, 226.97it/s]Loading weights:  54%|█████▍    | 56/103 [00:00<00:00, 267.11it/s]Loading weights:  81%|████████  | 83/103 [00:00<00:00, 235.22it/s]Loading weights: 100%|██████████| 103/103 [00:00<00:00, 265.26it/s]
a3-partial-1:135: FutureWarning: The `get_sentence_embedding_dimension` method has been renamed to `get_embedding_dimension`.
a3-partial-1:142: FutureWarning: The `get_sentence_embedding_dimension` method has been renamed to `get_embedding_dimension`.
a3-partial-1:142: FutureWarning: The `get_sentence_embedding_dimension` method has been renamed to `get_embedding_dimension`.
a3-partial-1:142: FutureWarning: The `get_sentence_embedding_dimension` method has been renamed to `get_embedding_dimension`.
a3-partial-1:142: FutureWarning: The `get_sentence_embedding_dimension` method has been renamed to `get_embedding_dimension`.
a3-partial-1:142: FutureWarning: The `get_sentence_embedding_dimension` method has been renamed to `get_embedding_dimension`.
a3-partial-1:142: FutureWarning: The `get_sentence_embedding_dimension` method has been renamed to `get_embedding_dimension`.
a3-partial-1:142: FutureWarning: The `get_sentence_embedding_dimension` method has been renamed to `get_embedding_dimension`.
a3-partial-1:142: FutureWarning: The `get_sentence_embedding_dimension` method has been renamed to `get_embedding_dimension`.
a3-partial-1:142: FutureWarning: The `get_sentence_embedding_dimension` method has been renamed to `get_embedding_dimension`.
a3-partial-1:142: FutureWarning: The `get_sentence_embedding_dimension` method has been renamed to `get_embedding_dimension`.
a3-partial-1:142: FutureWarning: The `get_sentence_embedding_dimension` method has been renamed to `get_embedding_dimension`.
a3-partial-1:142: FutureWarning: The `get_sentence_embedding_dimension` method has been renamed to `get_embedding_dimension`.
a3-partial-1:142: FutureWarning: The `get_sentence_embedding_dimension` method has been renamed to `get_embedding_dimension`.
a3-partial-1:142: FutureWarning: The `get_sentence_embedding_dimension` method has been renamed to `get_embedding_dimension`.
a3-partial-1:142: FutureWarning: The `get_sentence_embedding_dimension` method has been renamed to `get_embedding_dimension`.
a3-partial-1:142: FutureWarning: The `get_sentence_embedding_dimension` method has been renamed to `get_embedding_dimension`.
a3-partial-1:142: FutureWarning: The `get_sentence_embedding_dimension` method has been renamed to `get_embedding_dimension`.
a3-partial-1:142: FutureWarning: The `get_sentence_embedding_dimension` method has been renamed to `get_embedding_dimension`.
a3-partial-1:142: FutureWarning: The `get_sentence_embedding_dimension` method has been renamed to `get_embedding_dimension`.
a3-partial-1:142: FutureWarning: The `get_sentence_embedding_dimension` method has been renamed to `get_embedding_dimension`.
a3-partial-1:142: FutureWarning: The `get_sentence_embedding_dimension` method has been renamed to `get_embedding_dimension`.
a3-partial-1:142: FutureWarning: The `get_sentence_embedding_dimension` method has been renamed to `get_embedding_dimension`.
a3-partial-1:142: FutureWarning: The `get_sentence_embedding_dimension` method has been renamed to `get_embedding_dimension`.
Loading weights:   0%|          | 0/103 [00:00<?, ?it/s]Loading weights: 100%|██████████| 103/103 [00:00<00:00, 3546.15it/s]
a3-partial-1:135: FutureWarning: The `get_sentence_embedding_dimension` method has been renamed to `get_embedding_dimension`.
a3-partial-1:142: FutureWarning: The `get_sentence_embedding_dimension` method has been renamed to `get_embedding_dimension`.
a3-partial-1:142: FutureWarning: The `get_sentence_embedding_dimension` method has been renamed to `get_embedding_dimension`.
a3-partial-1:142: FutureWarning: The `get_sentence_embedding_dimension` method has been renamed to `get_embedding_dimension`.
a3-partial-1:142: FutureWarning: The `get_sentence_embedding_dimension` method has been renamed to `get_embedding_dimension`.
a3-partial-1:142: FutureWarning: The `get_sentence_embedding_dimension` method has been renamed to `get_embedding_dimension`.
a3-partial-1:142: FutureWarning: The `get_sentence_embedding_dimension` method has been renamed to `get_embedding_dimension`.
a3-partial-1:142: FutureWarning: The `get_sentence_embedding_dimension` method has been renamed to `get_embedding_dimension`.
a3-partial-1:142: FutureWarning: The `get_sentence_embedding_dimension` method has been renamed to `get_embedding_dimension`.
a3-partial-1:142: FutureWarning: The `get_sentence_embedding_dimension` method has been renamed to `get_embedding_dimension`.
a3-partial-1:142: FutureWarning: The `get_sentence_embedding_dimension` method has been renamed to `get_embedding_dimension`.
a3-partial-1:142: FutureWarning: The `get_sentence_embedding_dimension` method has been renamed to `get_embedding_dimension`.
a3-partial-1:142: FutureWarning: The `get_sentence_embedding_dimension` method has been renamed to `get_embedding_dimension`.
a3-partial-1:142: FutureWarning: The `get_sentence_embedding_dimension` method has been renamed to `get_embedding_dimension`.
a3-partial-1:142: FutureWarning: The `get_sentence_embedding_dimension` method has been renamed to `get_embedding_dimension`.
a3-partial-1:142: FutureWarning: The `get_sentence_embedding_dimension` method has been renamed to `get_embedding_dimension`.
a3-partial-1:142: FutureWarning: The `get_sentence_embedding_dimension` method has been renamed to `get_embedding_dimension`.
a3-partial-1:142: FutureWarning: The `get_sentence_embedding_dimension` method has been renamed to `get_embedding_dimension`.
a3-partial-1:142: FutureWarning: The `get_sentence_embedding_dimension` method has been renamed to `get_embedding_dimension`.
a3-partial-1:142: FutureWarning: The `get_sentence_embedding_dimension` method has been renamed to `get_embedding_dimension`.
Loading weights:   0%|          | 0/103 [00:00<?, ?it/s]Loading weights: 100%|██████████| 103/103 [00:00<00:00, 4511.28it/s]
a3-partial-1:135: FutureWarning: The `get_sentence_embedding_dimension` method has been renamed to `get_embedding_dimension`.
a3-partial-1:142: FutureWarning: The `get_sentence_embedding_dimension` method has been renamed to `get_embedding_dimension`.
a3-partial-1:142: FutureWarning: The `get_sentence_embedding_dimension` method has been renamed to `get_embedding_dimension`.
a3-partial-1:142: FutureWarning: The `get_sentence_embedding_dimension` method has been renamed to `get_embedding_dimension`.
a3-partial-1:142: FutureWarning: The `get_sentence_embedding_dimension` method has been renamed to `get_embedding_dimension`.
a3-partial-1:142: FutureWarning: The `get_sentence_embedding_dimension` method has been renamed to `get_embedding_dimension`.
a3-partial-1:142: FutureWarning: The `get_sentence_embedding_dimension` method has been renamed to `get_embedding_dimension`.
a3-partial-1:142: FutureWarning: The `get_sentence_embedding_dimension` method has been renamed to `get_embedding_dimension`.
a3-partial-1:142: FutureWarning: The `get_sentence_embedding_dimension` method has been renamed to `get_embedding_dimension`.
a3-partial-1:142: FutureWarning: The `get_sentence_embedding_dimension` method has been renamed to `get_embedding_dimension`.
a3-partial-1:142: FutureWarning: The `get_sentence_embedding_dimension` method has been renamed to `get_embedding_dimension`.
a3-partial-1:142: FutureWarning: The `get_sentence_embedding_dimension` method has been renamed to `get_embedding_dimension`.
a3-partial-1:142: FutureWarning: The `get_sentence_embedding_dimension` method has been renamed to `get_embedding_dimension`.
a3-partial-1:142: FutureWarning: The `get_sentence_embedding_dimension` method has been renamed to `get_embedding_dimension`.
a3-partial-1:142: FutureWarning: The `get_sentence_embedding_dimension` method has been renamed to `get_embedding_dimension`.
a3-partial-1:142: FutureWarning: The `get_sentence_embedding_dimension` method has been renamed to `get_embedding_dimension`.
a3-partial-1:142: FutureWarning: The `get_sentence_embedding_dimension` method has been renamed to `get_embedding_dimension`.
a3-partial-1:142: FutureWarning: The `get_sentence_embedding_dimension` method has been renamed to `get_embedding_dimension`.
a3-partial-1:142: FutureWarning: The `get_sentence_embedding_dimension` method has been renamed to `get_embedding_dimension`.
a3-partial-1:142: FutureWarning: The `get_sentence_embedding_dimension` method has been renamed to `get_embedding_dimension`.
a3-partial-1:142: FutureWarning: The `get_sentence_embedding_dimension` method has been renamed to `get_embedding_dimension`.
