================================================
STRUCTML ASPECT RUN: a1
================================================
Job ID: 368397
Node: lambda2
Starting at: Fri Jul 10 01:31:02 IDT 2026

Python: /home/badran.abed/miniconda3/envs/structml/bin/python
Conda env: structml
Artifacts: /home/badran.abed/structed_ML/hw3/artifacts

### hpc_run_aspect: a1 | artifacts -> /home/badran.abed/structed_ML/hw3/artifacts

===== exec cell aspect1-1 =====
device: cuda | pyg-lib: True

===== exec cell aspect1-2 =====

===== exec cell aspect1-3 =====

===== exec cell aspect1-4 =====

##### rel-stack / user-engagement ##### (18 runs)
Loading Database object from /home/badran.abed/.cache/relbench/rel-stack/db...
Done in 21.71 seconds.
  SAGE-MPNN-D   seed=42 AUROC=0.8781 AUPRC=0.3086 P=0.363 R=0.340 params=3.03M t=2356s
  SAGE-MPNN-D   seed=43 AUROC=0.8752 AUPRC=0.2998 P=0.363 R=0.323 params=3.03M t=2176s
  SAGE-MPNN-D   seed=44 AUROC=0.8803 AUPRC=0.3107 P=0.330 R=0.363 params=3.03M t=2311s
  SAGE-MPNN-U   seed=42 AUROC=0.8750 AUPRC=0.2836 P=0.347 R=0.335 params=3.03M t=1577s
  SAGE-MPNN-U   seed=43 AUROC=0.8707 AUPRC=0.2898 P=0.307 R=0.366 params=3.03M t=1578s
  SAGE-MPNN-U   seed=44 AUROC=0.8679 AUPRC=0.2743 P=0.317 R=0.341 params=3.03M t=1143s
  SAGE-Dir-GNN  seed=42 AUROC=0.8656 AUPRC=0.2765 P=0.314 R=0.328 params=3.76M t=1061s
  SAGE-Dir-GNN  seed=43 AUROC=0.8803 AUPRC=0.3172 P=0.340 R=0.375 params=3.76M t=2630s
  SAGE-Dir-GNN  seed=44 AUROC=0.8794 AUPRC=0.3146 P=0.328 R=0.370 params=3.76M t=2630s
  GAT-MPNN-D   seed=42 AUROC=0.8658 AUPRC=0.2782 P=0.341 R=0.314 params=5.22M t=1023s
  GAT-MPNN-D   seed=43 AUROC=0.8755 AUPRC=0.3233 P=0.345 R=0.380 params=5.22M t=2266s
  GAT-MPNN-D   seed=44 AUROC=0.8814 AUPRC=0.3349 P=0.339 R=0.393 params=5.22M t=2350s
  GAT-MPNN-U   seed=42 AUROC=0.8742 AUPRC=0.3106 P=0.308 R=0.399 params=5.22M t=2909s
  GAT-MPNN-U   seed=43 AUROC=0.8722 AUPRC=0.3161 P=0.366 R=0.346 params=5.22M t=3116s
  GAT-MPNN-U   seed=44 AUROC=0.8701 AUPRC=0.2983 P=0.324 R=0.369 params=5.22M t=2085s
  GAT-Dir-GNN  seed=42 AUROC=0.8689 AUPRC=0.2980 P=0.342 R=0.326 params=8.13M t=3027s
  GAT-Dir-GNN  seed=43 AUROC=0.8612 AUPRC=0.2778 P=0.316 R=0.335 params=8.13M t=1885s
  GAT-Dir-GNN  seed=44 AUROC=0.8597 AUPRC=0.2804 P=0.351 R=0.315 params=8.13M t=1471s

##### rel-trial / study-outcome ##### (18 runs)
Loading Database object from /home/badran.abed/.cache/relbench/rel-trial/db...
Done in 16.57 seconds.
  SAGE-MPNN-D   seed=42 AUROC=0.6715 AUPRC=0.7360 P=0.609 R=0.964 params=7.29M t=41s
  SAGE-MPNN-D   seed=43 AUROC=0.6702 AUPRC=0.7340 P=0.595 R=0.995 params=7.29M t=45s
  SAGE-MPNN-D   seed=44 AUROC=0.6729 AUPRC=0.7431 P=0.611 R=0.966 params=7.29M t=48s
  SAGE-MPNN-U   seed=42 AUROC=0.6851 AUPRC=0.7484 P=0.640 R=0.893 params=7.29M t=50s
  SAGE-MPNN-U   seed=43 AUROC=0.6851 AUPRC=0.7598 P=0.609 R=0.970 params=7.29M t=55s
  SAGE-MPNN-U   seed=44 AUROC=0.6886 AUPRC=0.7585 P=0.630 R=0.922 params=7.29M t=55s
  SAGE-Dir-GNN  seed=42 AUROC=0.6867 AUPRC=0.7601 P=0.607 R=0.966 params=8.27M t=46s
  SAGE-Dir-GNN  seed=43 AUROC=0.6864 AUPRC=0.7542 P=0.630 R=0.909 params=8.27M t=55s
  SAGE-Dir-GNN  seed=44 AUROC=0.6868 AUPRC=0.7564 P=0.608 R=0.968 params=8.27M t=46s
  GAT-MPNN-D   seed=42 AUROC=0.6453 AUPRC=0.6990 P=0.610 R=0.961 params=10.27M t=77s
  GAT-MPNN-D   seed=43 AUROC=0.6433 AUPRC=0.7025 P=0.609 R=0.948 params=10.27M t=85s
  GAT-MPNN-D   seed=44 AUROC=0.6515 AUPRC=0.7161 P=0.589 R=0.998 params=10.27M t=94s
  GAT-MPNN-U   seed=42 AUROC=0.6633 AUPRC=0.7313 P=0.600 R=0.975 params=10.27M t=51s
  GAT-MPNN-U   seed=43 AUROC=0.6649 AUPRC=0.7366 P=0.591 R=0.998 params=10.27M t=51s
  GAT-MPNN-U   seed=44 AUROC=0.6644 AUPRC=0.7317 P=0.606 R=0.966 params=10.27M t=74s
  GAT-Dir-GNN  seed=42 AUROC=0.6658 AUPRC=0.7369 P=0.623 R=0.938 params=14.23M t=86s
  GAT-Dir-GNN  seed=43 AUROC=0.6679 AUPRC=0.7323 P=0.630 R=0.914 params=14.23M t=80s
  GAT-Dir-GNN  seed=44 AUROC=0.6593 AUPRC=0.7251 P=0.608 R=0.955 params=14.23M t=74s

### DONE: a1

================================================
ASPECT a1 COMPLETE - exit code 0
Finished at: Fri Jul 10 12:21:13 IDT 2026
================================================
