================================================
STRUCTML ASPECT RUN: a4
================================================
Job ID: 368436
Node: lambda1
Starting at: Sat Jul 11 12:19:03 AM IDT 2026

Python: /home/zina.assi/miniconda3/envs/structml/bin/python
Conda env: structml
Artifacts: /home/zina.assi/struct/structed_ML/hw3/artifacts

### hpc_run_aspect: a4 | artifacts -> /home/zina.assi/struct/structed_ML/hw3/artifacts

===== exec cell aspect1-1 =====
device: cuda | pyg-lib: True

===== exec cell aspect1-2 =====

===== exec cell aspect1-3 =====

===== exec cell aspect4-1 =====

===== exec cell aspect4-2 =====

##### rel-stack / user-engagement ##### (34 runs)
Loading Database object from /home/zina.assi/.cache/relbench/rel-stack/db...
Done in 22.54 seconds.
  skip=False L=1  seed=44 AUROC=0.8789 AUPRC=0.3115 cos=0.472 dirE=0.697 t=1352s
  skip=False L=2  seed=42 AUROC=0.8847 AUPRC=0.3309 cos=0.643 dirE=0.331 t=2916s
  skip=False L=2  seed=43 AUROC=0.8846 AUPRC=0.3416 cos=0.631 dirE=0.326 t=2439s
  skip=False L=2  seed=44 AUROC=0.8814 AUPRC=0.3223 cos=0.755 dirE=0.212 t=1483s
  skip=False L=3  seed=42 AUROC=0.8850 AUPRC=0.3135 cos=0.598 dirE=0.341 t=2364s
  skip=False L=3  seed=43 AUROC=0.8828 AUPRC=0.3237 cos=0.539 dirE=0.413 t=2703s
  skip=False L=3  seed=44 AUROC=0.8806 AUPRC=0.3154 cos=0.591 dirE=0.371 t=1734s
  skip=False L=4  seed=42 AUROC=0.8820 AUPRC=0.3030 cos=0.738 dirE=0.206 t=1632s
  skip=False L=4  seed=43 AUROC=0.8770 AUPRC=0.2845 cos=0.732 dirE=0.264 t=1407s
  skip=False L=4  seed=44 AUROC=0.8831 AUPRC=0.3325 cos=0.690 dirE=0.271 t=2704s
  skip=False L=6  seed=42 AUROC=0.8828 AUPRC=0.3078 cos=0.651 dirE=0.331 t=3327s
  skip=False L=6  seed=43 AUROC=0.8735 AUPRC=0.2772 cos=0.749 dirE=0.190 t=1233s
  skip=False L=6  seed=44 AUROC=0.8799 AUPRC=0.2910 cos=0.725 dirE=0.266 t=2193s
  skip=False L=8  seed=42 AUROC=0.8752 AUPRC=0.2891 cos=0.793 dirE=0.329 t=1518s
  skip=False L=8  seed=43 AUROC=0.8827 AUPRC=0.3155 cos=0.706 dirE=0.341 t=3235s
  skip=False L=8  seed=44 AUROC=0.8784 AUPRC=0.3012 cos=0.638 dirE=0.500 t=2055s
  skip=True  L=1  seed=42 AUROC=0.8839 AUPRC=0.3188 cos=0.473 dirE=0.727 t=2908s
  skip=True  L=1  seed=43 AUROC=0.8831 AUPRC=0.3295 cos=0.483 dirE=0.713 t=1659s
  skip=True  L=1  seed=44 AUROC=0.8794 AUPRC=0.3214 cos=0.534 dirE=0.637 t=1466s
  skip=True  L=2  seed=42 AUROC=0.8821 AUPRC=0.3233 cos=0.551 dirE=0.548 t=1694s
  skip=True  L=2  seed=43 AUROC=0.8844 AUPRC=0.3248 cos=0.584 dirE=0.510 t=2186s
  skip=True  L=2  seed=44 AUROC=0.8844 AUPRC=0.3248 cos=0.537 dirE=0.586 t=1926s
  skip=True  L=3  seed=42 AUROC=0.8847 AUPRC=0.3361 cos=0.556 dirE=0.615 t=2427s
  skip=True  L=3  seed=43 AUROC=0.8844 AUPRC=0.3309 cos=0.598 dirE=0.468 t=1524s
  skip=True  L=3  seed=44 AUROC=0.8825 AUPRC=0.3306 cos=0.576 dirE=0.571 t=1440s
  skip=True  L=4  seed=42 AUROC=0.8880 AUPRC=0.3421 cos=0.546 dirE=0.658 t=2465s
  skip=True  L=4  seed=43 AUROC=0.8833 AUPRC=0.3267 cos=0.585 dirE=0.548 t=1524s
  skip=True  L=4  seed=44 AUROC=0.8829 AUPRC=0.3344 cos=0.566 dirE=0.486 t=2236s
  skip=True  L=6  seed=42 AUROC=0.8866 AUPRC=0.3301 cos=0.535 dirE=0.665 t=2428s
  skip=True  L=6  seed=43 AUROC=0.8836 AUPRC=0.3313 cos=0.461 dirE=0.742 t=1635s
  skip=True  L=6  seed=44 AUROC=0.8879 AUPRC=0.3387 cos=0.461 dirE=0.910 t=3310s
  skip=True  L=8  seed=42 AUROC=0.8880 AUPRC=0.3347 cos=0.613 dirE=0.596 t=3387s
  skip=True  L=8  seed=43 AUROC=0.8881 AUPRC=0.3299 cos=0.528 dirE=1.022 t=3337s
  skip=True  L=8  seed=44 AUROC=0.8882 AUPRC=0.3339 cos=0.516 dirE=0.850 t=2758s

##### rel-trial / study-outcome ##### (36 runs)
Loading Database object from /home/zina.assi/.cache/relbench/rel-trial/db...
Done in 11.20 seconds.
  skip=False L=1  seed=42 AUROC=0.6616 AUPRC=0.7259 cos=0.397 dirE=0.764 t=62s
  skip=False L=1  seed=43 AUROC=0.6754 AUPRC=0.7357 cos=0.372 dirE=0.772 t=84s
  skip=False L=1  seed=44 AUROC=0.6741 AUPRC=0.7439 cos=0.399 dirE=0.781 t=71s
  skip=False L=2  seed=42 AUROC=0.6806 AUPRC=0.7400 cos=0.442 dirE=0.515 t=78s
  skip=False L=2  seed=43 AUROC=0.6862 AUPRC=0.7459 cos=0.459 dirE=0.477 t=119s
  skip=False L=2  seed=44 AUROC=0.6819 AUPRC=0.7465 cos=0.460 dirE=0.488 t=102s
  skip=False L=3  seed=42 AUROC=0.6846 AUPRC=0.7539 cos=0.519 dirE=0.333 t=79s
  skip=False L=3  seed=43 AUROC=0.6943 AUPRC=0.7615 cos=0.485 dirE=0.353 t=84s
  skip=False L=3  seed=44 AUROC=0.6890 AUPRC=0.7497 cos=0.550 dirE=0.328 t=96s
  skip=False L=4  seed=42 AUROC=0.6801 AUPRC=0.7336 cos=0.683 dirE=0.175 t=49s
  skip=False L=4  seed=43 AUROC=0.6894 AUPRC=0.7500 cos=0.497 dirE=0.345 t=79s
  skip=False L=4  seed=44 AUROC=0.6875 AUPRC=0.7501 cos=0.587 dirE=0.244 t=91s
  skip=False L=6  seed=42 AUROC=0.6655 AUPRC=0.7229 cos=0.550 dirE=0.289 t=87s
  skip=False L=6  seed=43 AUROC=0.6713 AUPRC=0.7270 cos=0.591 dirE=0.229 t=87s
  skip=False L=6  seed=44 AUROC=0.6821 AUPRC=0.7393 cos=0.578 dirE=0.275 t=105s
  skip=False L=8  seed=42 AUROC=0.6800 AUPRC=0.7392 cos=0.651 dirE=0.204 t=95s
  skip=False L=8  seed=43 AUROC=0.6749 AUPRC=0.7277 cos=0.592 dirE=0.190 t=57s
  skip=False L=8  seed=44 AUROC=0.6723 AUPRC=0.7324 cos=0.605 dirE=0.211 t=57s
  skip=True  L=1  seed=42 AUROC=0.6678 AUPRC=0.7292 cos=0.367 dirE=1.281 t=77s
  skip=True  L=1  seed=43 AUROC=0.6637 AUPRC=0.7307 cos=0.402 dirE=1.114 t=61s
  skip=True  L=1  seed=44 AUROC=0.6696 AUPRC=0.7333 cos=0.392 dirE=1.269 t=83s
  skip=True  L=2  seed=42 AUROC=0.6825 AUPRC=0.7495 cos=0.444 dirE=0.764 t=66s
  skip=True  L=2  seed=43 AUROC=0.6813 AUPRC=0.7476 cos=0.437 dirE=0.771 t=84s
  skip=True  L=2  seed=44 AUROC=0.6788 AUPRC=0.7441 cos=0.431 dirE=0.785 t=81s
  skip=True  L=3  seed=42 AUROC=0.6849 AUPRC=0.7608 cos=0.398 dirE=0.774 t=116s
  skip=True  L=3  seed=43 AUROC=0.6797 AUPRC=0.7443 cos=0.471 dirE=0.684 t=71s
  skip=True  L=3  seed=44 AUROC=0.6750 AUPRC=0.7393 cos=0.405 dirE=0.834 t=84s
  skip=True  L=4  seed=42 AUROC=0.6835 AUPRC=0.7501 cos=0.477 dirE=0.689 t=97s
  skip=True  L=4  seed=43 AUROC=0.6809 AUPRC=0.7418 cos=0.623 dirE=0.506 t=59s
  skip=True  L=4  seed=44 AUROC=0.6782 AUPRC=0.7420 cos=0.475 dirE=0.694 t=104s
  skip=True  L=6  seed=42 AUROC=0.6832 AUPRC=0.7550 cos=0.540 dirE=0.557 t=106s
  skip=True  L=6  seed=43 AUROC=0.6756 AUPRC=0.7412 cos=0.589 dirE=0.501 t=80s
  skip=True  L=6  seed=44 AUROC=0.6802 AUPRC=0.7343 cos=0.607 dirE=0.450 t=93s
  skip=True  L=8  seed=42 AUROC=0.6785 AUPRC=0.7421 cos=0.759 dirE=0.261 t=74s
  skip=True  L=8  seed=43 AUROC=0.6808 AUPRC=0.7432 cos=0.631 dirE=0.458 t=88s
  skip=True  L=8  seed=44 AUROC=0.6838 AUPRC=0.7520 cos=0.669 dirE=0.324 t=82s

### DONE: a4

================================================
ASPECT a4 COMPLETE - exit code 0
Finished at: Sat Jul 11 10:00:35 PM IDT 2026
================================================
