Warning: You are sending unauthenticated requests to the HF Hub. Please set a HF_TOKEN to enable higher rate limits and faster downloads.
WARNING:huggingface_hub.utils._http:Warning: You are sending unauthenticated requests to the HF Hub. Please set a HF_TOKEN to enable higher rate limits and faster downloads.
Loading weights:   0%|          | 0/103 [00:00<?, ?it/s]Loading weights: 100%|██████████| 103/103 [00:00<00:00, 4487.05it/s]
a3-finetune-1:51: FutureWarning: The `get_sentence_embedding_dimension` method has been renamed to `get_embedding_dimension`.
  print(f"\n===== exec cell {cid} =====", flush=True)
a3-finetune-1:58: FutureWarning: The `get_sentence_embedding_dimension` method has been renamed to `get_embedding_dimension`.
a3-finetune-1:58: FutureWarning: The `get_sentence_embedding_dimension` method has been renamed to `get_embedding_dimension`.
a3-finetune-1:58: FutureWarning: The `get_sentence_embedding_dimension` method has been renamed to `get_embedding_dimension`.
a3-finetune-1:58: FutureWarning: The `get_sentence_embedding_dimension` method has been renamed to `get_embedding_dimension`.
a3-finetune-1:58: FutureWarning: The `get_sentence_embedding_dimension` method has been renamed to `get_embedding_dimension`.
a3-finetune-1:58: FutureWarning: The `get_sentence_embedding_dimension` method has been renamed to `get_embedding_dimension`.
a3-finetune-1:58: FutureWarning: The `get_sentence_embedding_dimension` method has been renamed to `get_embedding_dimension`.
a3-finetune-1:58: FutureWarning: The `get_sentence_embedding_dimension` method has been renamed to `get_embedding_dimension`.
a3-finetune-1:58: FutureWarning: The `get_sentence_embedding_dimension` method has been renamed to `get_embedding_dimension`.
a3-finetune-1:58: FutureWarning: The `get_sentence_embedding_dimension` method has been renamed to `get_embedding_dimension`.
a3-finetune-1:58: FutureWarning: The `get_sentence_embedding_dimension` method has been renamed to `get_embedding_dimension`.
a3-finetune-1:58: FutureWarning: The `get_sentence_embedding_dimension` method has been renamed to `get_embedding_dimension`.
a3-finetune-1:58: FutureWarning: The `get_sentence_embedding_dimension` method has been renamed to `get_embedding_dimension`.
Loading weights:   0%|          | 0/103 [00:00<?, ?it/s]Loading weights: 100%|██████████| 103/103 [00:00<00:00, 6070.67it/s]
a3-finetune-1:51: FutureWarning: The `get_sentence_embedding_dimension` method has been renamed to `get_embedding_dimension`.
  print(f"\n===== exec cell {cid} =====", flush=True)
a3-finetune-1:58: FutureWarning: The `get_sentence_embedding_dimension` method has been renamed to `get_embedding_dimension`.
a3-finetune-1:58: FutureWarning: The `get_sentence_embedding_dimension` method has been renamed to `get_embedding_dimension`.
a3-finetune-1:58: FutureWarning: The `get_sentence_embedding_dimension` method has been renamed to `get_embedding_dimension`.
a3-finetune-1:58: FutureWarning: The `get_sentence_embedding_dimension` method has been renamed to `get_embedding_dimension`.
a3-finetune-1:58: FutureWarning: The `get_sentence_embedding_dimension` method has been renamed to `get_embedding_dimension`.
a3-finetune-1:58: FutureWarning: The `get_sentence_embedding_dimension` method has been renamed to `get_embedding_dimension`.
a3-finetune-1:58: FutureWarning: The `get_sentence_embedding_dimension` method has been renamed to `get_embedding_dimension`.
a3-finetune-1:58: FutureWarning: The `get_sentence_embedding_dimension` method has been renamed to `get_embedding_dimension`.
a3-finetune-1:58: FutureWarning: The `get_sentence_embedding_dimension` method has been renamed to `get_embedding_dimension`.
a3-finetune-1:58: FutureWarning: The `get_sentence_embedding_dimension` method has been renamed to `get_embedding_dimension`.
a3-finetune-1:58: FutureWarning: The `get_sentence_embedding_dimension` method has been renamed to `get_embedding_dimension`.
a3-finetune-1:58: FutureWarning: The `get_sentence_embedding_dimension` method has been renamed to `get_embedding_dimension`.
a3-finetune-1:58: FutureWarning: The `get_sentence_embedding_dimension` method has been renamed to `get_embedding_dimension`.
a3-finetune-1:58: FutureWarning: The `get_sentence_embedding_dimension` method has been renamed to `get_embedding_dimension`.
a3-finetune-1:58: FutureWarning: The `get_sentence_embedding_dimension` method has been renamed to `get_embedding_dimension`.
Loading weights:   0%|          | 0/103 [00:00<?, ?it/s]Loading weights: 100%|██████████| 103/103 [00:00<00:00, 3458.68it/s]
a3-finetune-1:51: FutureWarning: The `get_sentence_embedding_dimension` method has been renamed to `get_embedding_dimension`.
  print(f"\n===== exec cell {cid} =====", flush=True)
a3-finetune-1:58: FutureWarning: The `get_sentence_embedding_dimension` method has been renamed to `get_embedding_dimension`.
a3-finetune-1:58: FutureWarning: The `get_sentence_embedding_dimension` method has been renamed to `get_embedding_dimension`.
a3-finetune-1:58: FutureWarning: The `get_sentence_embedding_dimension` method has been renamed to `get_embedding_dimension`.
a3-finetune-1:58: FutureWarning: The `get_sentence_embedding_dimension` method has been renamed to `get_embedding_dimension`.
a3-finetune-1:58: FutureWarning: The `get_sentence_embedding_dimension` method has been renamed to `get_embedding_dimension`.
a3-finetune-1:58: FutureWarning: The `get_sentence_embedding_dimension` method has been renamed to `get_embedding_dimension`.
a3-finetune-1:58: FutureWarning: The `get_sentence_embedding_dimension` method has been renamed to `get_embedding_dimension`.
a3-finetune-1:58: FutureWarning: The `get_sentence_embedding_dimension` method has been renamed to `get_embedding_dimension`.
a3-finetune-1:58: FutureWarning: The `get_sentence_embedding_dimension` method has been renamed to `get_embedding_dimension`.
a3-finetune-1:58: FutureWarning: The `get_sentence_embedding_dimension` method has been renamed to `get_embedding_dimension`.
a3-finetune-1:58: FutureWarning: The `get_sentence_embedding_dimension` method has been renamed to `get_embedding_dimension`.
a3-finetune-1:58: FutureWarning: The `get_sentence_embedding_dimension` method has been renamed to `get_embedding_dimension`.
a3-finetune-1:58: FutureWarning: The `get_sentence_embedding_dimension` method has been renamed to `get_embedding_dimension`.
a3-finetune-1:58: FutureWarning: The `get_sentence_embedding_dimension` method has been renamed to `get_embedding_dimension`.
a3-finetune-1:58: FutureWarning: The `get_sentence_embedding_dimension` method has been renamed to `get_embedding_dimension`.
