Warning: You are sending unauthenticated requests to the HF Hub. Please set a HF_TOKEN to enable higher rate limits and faster downloads.
WARNING:huggingface_hub.utils._http:Warning: You are sending unauthenticated requests to the HF Hub. Please set a HF_TOKEN to enable higher rate limits and faster downloads.
Loading weights:   0%|          | 0/103 [00:00<?, ?it/s]Loading weights:  23%|██▎       | 24/103 [00:00<00:00, 211.33it/s]Loading weights:  45%|████▍     | 46/103 [00:00<00:00, 203.45it/s]Loading weights:  65%|██████▌   | 67/103 [00:00<00:00, 184.09it/s]Loading weights: 100%|██████████| 103/103 [00:00<00:00, 229.22it/s]
a3-partial-1:135: FutureWarning: The `get_sentence_embedding_dimension` method has been renamed to `get_embedding_dimension`.
a3-partial-1:142: FutureWarning: The `get_sentence_embedding_dimension` method has been renamed to `get_embedding_dimension`.
a3-partial-1:142: FutureWarning: The `get_sentence_embedding_dimension` method has been renamed to `get_embedding_dimension`.
a3-partial-1:142: FutureWarning: The `get_sentence_embedding_dimension` method has been renamed to `get_embedding_dimension`.
a3-partial-1:142: FutureWarning: The `get_sentence_embedding_dimension` method has been renamed to `get_embedding_dimension`.
a3-partial-1:142: FutureWarning: The `get_sentence_embedding_dimension` method has been renamed to `get_embedding_dimension`.
a3-partial-1:142: FutureWarning: The `get_sentence_embedding_dimension` method has been renamed to `get_embedding_dimension`.
a3-partial-1:142: FutureWarning: The `get_sentence_embedding_dimension` method has been renamed to `get_embedding_dimension`.
a3-partial-1:142: FutureWarning: The `get_sentence_embedding_dimension` method has been renamed to `get_embedding_dimension`.
a3-partial-1:142: FutureWarning: The `get_sentence_embedding_dimension` method has been renamed to `get_embedding_dimension`.
a3-partial-1:142: FutureWarning: The `get_sentence_embedding_dimension` method has been renamed to `get_embedding_dimension`.
a3-partial-1:142: FutureWarning: The `get_sentence_embedding_dimension` method has been renamed to `get_embedding_dimension`.
a3-partial-1:142: FutureWarning: The `get_sentence_embedding_dimension` method has been renamed to `get_embedding_dimension`.
a3-partial-1:142: FutureWarning: The `get_sentence_embedding_dimension` method has been renamed to `get_embedding_dimension`.
a3-partial-1:142: FutureWarning: The `get_sentence_embedding_dimension` method has been renamed to `get_embedding_dimension`.
a3-partial-1:142: FutureWarning: The `get_sentence_embedding_dimension` method has been renamed to `get_embedding_dimension`.
a3-partial-1:142: FutureWarning: The `get_sentence_embedding_dimension` method has been renamed to `get_embedding_dimension`.
a3-partial-1:142: FutureWarning: The `get_sentence_embedding_dimension` method has been renamed to `get_embedding_dimension`.
a3-partial-1:142: FutureWarning: The `get_sentence_embedding_dimension` method has been renamed to `get_embedding_dimension`.
a3-partial-1:142: FutureWarning: The `get_sentence_embedding_dimension` method has been renamed to `get_embedding_dimension`.
a3-partial-1:142: FutureWarning: The `get_sentence_embedding_dimension` method has been renamed to `get_embedding_dimension`.
a3-partial-1:142: FutureWarning: The `get_sentence_embedding_dimension` method has been renamed to `get_embedding_dimension`.
a3-partial-1:142: FutureWarning: The `get_sentence_embedding_dimension` method has been renamed to `get_embedding_dimension`.
a3-partial-1:142: FutureWarning: The `get_sentence_embedding_dimension` method has been renamed to `get_embedding_dimension`.
a3-partial-1:142: FutureWarning: The `get_sentence_embedding_dimension` method has been renamed to `get_embedding_dimension`.
a3-partial-1:142: FutureWarning: The `get_sentence_embedding_dimension` method has been renamed to `get_embedding_dimension`.
a3-partial-1:142: FutureWarning: The `get_sentence_embedding_dimension` method has been renamed to `get_embedding_dimension`.
Loading weights:   0%|          | 0/103 [00:00<?, ?it/s]Loading weights: 100%|██████████| 103/103 [00:00<00:00, 3926.50it/s]
a3-partial-1:135: FutureWarning: The `get_sentence_embedding_dimension` method has been renamed to `get_embedding_dimension`.
a3-partial-1:142: FutureWarning: The `get_sentence_embedding_dimension` method has been renamed to `get_embedding_dimension`.
a3-partial-1:142: FutureWarning: The `get_sentence_embedding_dimension` method has been renamed to `get_embedding_dimension`.
a3-partial-1:142: FutureWarning: The `get_sentence_embedding_dimension` method has been renamed to `get_embedding_dimension`.
a3-partial-1:142: FutureWarning: The `get_sentence_embedding_dimension` method has been renamed to `get_embedding_dimension`.
a3-partial-1:142: FutureWarning: The `get_sentence_embedding_dimension` method has been renamed to `get_embedding_dimension`.
a3-partial-1:142: FutureWarning: The `get_sentence_embedding_dimension` method has been renamed to `get_embedding_dimension`.
a3-partial-1:142: FutureWarning: The `get_sentence_embedding_dimension` method has been renamed to `get_embedding_dimension`.
a3-partial-1:142: FutureWarning: The `get_sentence_embedding_dimension` method has been renamed to `get_embedding_dimension`.
a3-partial-1:142: FutureWarning: The `get_sentence_embedding_dimension` method has been renamed to `get_embedding_dimension`.
a3-partial-1:142: FutureWarning: The `get_sentence_embedding_dimension` method has been renamed to `get_embedding_dimension`.
a3-partial-1:142: FutureWarning: The `get_sentence_embedding_dimension` method has been renamed to `get_embedding_dimension`.
a3-partial-1:142: FutureWarning: The `get_sentence_embedding_dimension` method has been renamed to `get_embedding_dimension`.
a3-partial-1:142: FutureWarning: The `get_sentence_embedding_dimension` method has been renamed to `get_embedding_dimension`.
a3-partial-1:142: FutureWarning: The `get_sentence_embedding_dimension` method has been renamed to `get_embedding_dimension`.
a3-partial-1:142: FutureWarning: The `get_sentence_embedding_dimension` method has been renamed to `get_embedding_dimension`.
a3-partial-1:142: FutureWarning: The `get_sentence_embedding_dimension` method has been renamed to `get_embedding_dimension`.
a3-partial-1:142: FutureWarning: The `get_sentence_embedding_dimension` method has been renamed to `get_embedding_dimension`.
a3-partial-1:142: FutureWarning: The `get_sentence_embedding_dimension` method has been renamed to `get_embedding_dimension`.
a3-partial-1:142: FutureWarning: The `get_sentence_embedding_dimension` method has been renamed to `get_embedding_dimension`.
Loading weights:   0%|          | 0/103 [00:00<?, ?it/s]Loading weights: 100%|██████████| 103/103 [00:00<00:00, 3699.09it/s]
a3-partial-1:135: FutureWarning: The `get_sentence_embedding_dimension` method has been renamed to `get_embedding_dimension`.
a3-partial-1:142: FutureWarning: The `get_sentence_embedding_dimension` method has been renamed to `get_embedding_dimension`.
a3-partial-1:142: FutureWarning: The `get_sentence_embedding_dimension` method has been renamed to `get_embedding_dimension`.
a3-partial-1:142: FutureWarning: The `get_sentence_embedding_dimension` method has been renamed to `get_embedding_dimension`.
a3-partial-1:142: FutureWarning: The `get_sentence_embedding_dimension` method has been renamed to `get_embedding_dimension`.
a3-partial-1:142: FutureWarning: The `get_sentence_embedding_dimension` method has been renamed to `get_embedding_dimension`.
a3-partial-1:142: FutureWarning: The `get_sentence_embedding_dimension` method has been renamed to `get_embedding_dimension`.
a3-partial-1:142: FutureWarning: The `get_sentence_embedding_dimension` method has been renamed to `get_embedding_dimension`.
a3-partial-1:142: FutureWarning: The `get_sentence_embedding_dimension` method has been renamed to `get_embedding_dimension`.
a3-partial-1:142: FutureWarning: The `get_sentence_embedding_dimension` method has been renamed to `get_embedding_dimension`.
a3-partial-1:142: FutureWarning: The `get_sentence_embedding_dimension` method has been renamed to `get_embedding_dimension`.
a3-partial-1:142: FutureWarning: The `get_sentence_embedding_dimension` method has been renamed to `get_embedding_dimension`.
a3-partial-1:142: FutureWarning: The `get_sentence_embedding_dimension` method has been renamed to `get_embedding_dimension`.
a3-partial-1:142: FutureWarning: The `get_sentence_embedding_dimension` method has been renamed to `get_embedding_dimension`.
a3-partial-1:142: FutureWarning: The `get_sentence_embedding_dimension` method has been renamed to `get_embedding_dimension`.
a3-partial-1:142: FutureWarning: The `get_sentence_embedding_dimension` method has been renamed to `get_embedding_dimension`.
a3-partial-1:142: FutureWarning: The `get_sentence_embedding_dimension` method has been renamed to `get_embedding_dimension`.
a3-partial-1:142: FutureWarning: The `get_sentence_embedding_dimension` method has been renamed to `get_embedding_dimension`.
a3-partial-1:142: FutureWarning: The `get_sentence_embedding_dimension` method has been renamed to `get_embedding_dimension`.
a3-partial-1:142: FutureWarning: The `get_sentence_embedding_dimension` method has been renamed to `get_embedding_dimension`.
a3-partial-1:142: FutureWarning: The `get_sentence_embedding_dimension` method has been renamed to `get_embedding_dimension`.
a3-partial-1:142: FutureWarning: The `get_sentence_embedding_dimension` method has been renamed to `get_embedding_dimension`.
