/home/zina.assi/miniconda3/envs/structml/lib/python3.11/site-packages/torch_frame/data/dataset.py:587: UserWarning: Weights only load failed. Please file an issue to make `torch.load(weights_only=True)` compatible in your case. Please use `torch.serialization.add_safe_globals([scalar])` to allowlist this global.
  self._tensor_frame, self._col_stats = torch_frame.load(
/home/zina.assi/miniconda3/envs/structml/lib/python3.11/site-packages/relbench/modeling/graph.py:93: UserWarning: The given NumPy array is not writable, and PyTorch does not support non-writable tensors. This means writing to this tensor will result in undefined behavior. You may want to copy the array to protect its data or make it writable before converting it to a tensor. This type of warning will be suppressed for the rest of this program. (Triggered internally at /pytorch/torch/csrc/utils/tensor_numpy.cpp:203.)
  pkey_index = torch.from_numpy(pkey_index[mask].astype(int).values)
/home/zina.assi/miniconda3/envs/structml/lib/python3.11/site-packages/torch_frame/data/dataset.py:587: UserWarning: Weights only load failed. Please file an issue to make `torch.load(weights_only=True)` compatible in your case. Please use `torch.serialization.add_safe_globals([scalar])` to allowlist this global.
  self._tensor_frame, self._col_stats = torch_frame.load(
/home/zina.assi/miniconda3/envs/structml/lib/python3.11/site-packages/torch_frame/data/dataset.py:587: UserWarning: Weights only load failed. Please file an issue to make `torch.load(weights_only=True)` compatible in your case. Please use `torch.serialization.add_safe_globals([scalar])` to allowlist this global.
  self._tensor_frame, self._col_stats = torch_frame.load(
/home/zina.assi/miniconda3/envs/structml/lib/python3.11/site-packages/torch_frame/data/dataset.py:587: UserWarning: Weights only load failed. Please file an issue to make `torch.load(weights_only=True)` compatible in your case. Please use `torch.serialization.add_safe_globals([scalar])` to allowlist this global.
  self._tensor_frame, self._col_stats = torch_frame.load(
/home/zina.assi/miniconda3/envs/structml/lib/python3.11/site-packages/torch_frame/data/dataset.py:587: UserWarning: Weights only load failed. Please file an issue to make `torch.load(weights_only=True)` compatible in your case. Please use `torch.serialization.add_safe_globals([scalar])` to allowlist this global.
  self._tensor_frame, self._col_stats = torch_frame.load(
/home/zina.assi/miniconda3/envs/structml/lib/python3.11/site-packages/torch_frame/data/dataset.py:587: UserWarning: Weights only load failed. Please file an issue to make `torch.load(weights_only=True)` compatible in your case. Please use `torch.serialization.add_safe_globals([scalar])` to allowlist this global.
  self._tensor_frame, self._col_stats = torch_frame.load(
/home/zina.assi/miniconda3/envs/structml/lib/python3.11/site-packages/torch_frame/data/dataset.py:587: UserWarning: Weights only load failed. Please file an issue to make `torch.load(weights_only=True)` compatible in your case. Please use `torch.serialization.add_safe_globals([scalar])` to allowlist this global.
  self._tensor_frame, self._col_stats = torch_frame.load(
/home/zina.assi/miniconda3/envs/structml/lib/python3.11/site-packages/torch_frame/data/dataset.py:587: UserWarning: Weights only load failed. Please file an issue to make `torch.load(weights_only=True)` compatible in your case. Please use `torch.serialization.add_safe_globals([scalar])` to allowlist this global.
  self._tensor_frame, self._col_stats = torch_frame.load(
/home/zina.assi/miniconda3/envs/structml/lib/python3.11/site-packages/torch_frame/data/dataset.py:587: UserWarning: Weights only load failed. Please file an issue to make `torch.load(weights_only=True)` compatible in your case. Please use `torch.serialization.add_safe_globals([scalar])` to allowlist this global.
  self._tensor_frame, self._col_stats = torch_frame.load(
/home/zina.assi/miniconda3/envs/structml/lib/python3.11/site-packages/torch_frame/data/dataset.py:587: UserWarning: Weights only load failed. Please file an issue to make `torch.load(weights_only=True)` compatible in your case. Please use `torch.serialization.add_safe_globals([scalar])` to allowlist this global.
  self._tensor_frame, self._col_stats = torch_frame.load(
/home/zina.assi/miniconda3/envs/structml/lib/python3.11/site-packages/torch_frame/data/dataset.py:587: UserWarning: Weights only load failed. Please file an issue to make `torch.load(weights_only=True)` compatible in your case. Please use `torch.serialization.add_safe_globals([scalar])` to allowlist this global.
  self._tensor_frame, self._col_stats = torch_frame.load(
Warning: You are sending unauthenticated requests to the HF Hub. Please set a HF_TOKEN to enable higher rate limits and faster downloads.
WARNING:huggingface_hub.utils._http:Warning: You are sending unauthenticated requests to the HF Hub. Please set a HF_TOKEN to enable higher rate limits and faster downloads.
Loading weights:   0%|          | 0/103 [00:00<?, ?it/s]Loading weights: 100%|██████████| 103/103 [00:00<00:00, 5149.45it/s]
Loading weights:   0%|          | 0/103 [00:00<?, ?it/s]Loading weights: 100%|██████████| 103/103 [00:00<00:00, 3583.86it/s]
a3-partial-1:97: FutureWarning: The `get_sentence_embedding_dimension` method has been renamed to `get_embedding_dimension`.
a3-partial-1:104: FutureWarning: The `get_sentence_embedding_dimension` method has been renamed to `get_embedding_dimension`.
a3-partial-1:104: FutureWarning: The `get_sentence_embedding_dimension` method has been renamed to `get_embedding_dimension`.
a3-partial-1:104: FutureWarning: The `get_sentence_embedding_dimension` method has been renamed to `get_embedding_dimension`.
a3-partial-1:104: FutureWarning: The `get_sentence_embedding_dimension` method has been renamed to `get_embedding_dimension`.
a3-partial-1:104: FutureWarning: The `get_sentence_embedding_dimension` method has been renamed to `get_embedding_dimension`.
a3-partial-1:104: FutureWarning: The `get_sentence_embedding_dimension` method has been renamed to `get_embedding_dimension`.
a3-partial-1:104: FutureWarning: The `get_sentence_embedding_dimension` method has been renamed to `get_embedding_dimension`.
a3-partial-1:104: FutureWarning: The `get_sentence_embedding_dimension` method has been renamed to `get_embedding_dimension`.
a3-partial-1:104: FutureWarning: The `get_sentence_embedding_dimension` method has been renamed to `get_embedding_dimension`.
a3-partial-1:104: FutureWarning: The `get_sentence_embedding_dimension` method has been renamed to `get_embedding_dimension`.
a3-partial-1:104: FutureWarning: The `get_sentence_embedding_dimension` method has been renamed to `get_embedding_dimension`.
a3-partial-1:104: FutureWarning: The `get_sentence_embedding_dimension` method has been renamed to `get_embedding_dimension`.
a3-partial-1:104: FutureWarning: The `get_sentence_embedding_dimension` method has been renamed to `get_embedding_dimension`.
a3-partial-1:104: FutureWarning: The `get_sentence_embedding_dimension` method has been renamed to `get_embedding_dimension`.
a3-partial-1:104: FutureWarning: The `get_sentence_embedding_dimension` method has been renamed to `get_embedding_dimension`.
a3-partial-1:104: FutureWarning: The `get_sentence_embedding_dimension` method has been renamed to `get_embedding_dimension`.
a3-partial-1:104: FutureWarning: The `get_sentence_embedding_dimension` method has been renamed to `get_embedding_dimension`.
Loading weights:   0%|          | 0/103 [00:00<?, ?it/s]Loading weights: 100%|██████████| 103/103 [00:00<00:00, 4487.14it/s]
a3-partial-1:97: FutureWarning: The `get_sentence_embedding_dimension` method has been renamed to `get_embedding_dimension`.
a3-partial-1:104: FutureWarning: The `get_sentence_embedding_dimension` method has been renamed to `get_embedding_dimension`.
a3-partial-1:104: FutureWarning: The `get_sentence_embedding_dimension` method has been renamed to `get_embedding_dimension`.
a3-partial-1:104: FutureWarning: The `get_sentence_embedding_dimension` method has been renamed to `get_embedding_dimension`.
a3-partial-1:104: FutureWarning: The `get_sentence_embedding_dimension` method has been renamed to `get_embedding_dimension`.
a3-partial-1:104: FutureWarning: The `get_sentence_embedding_dimension` method has been renamed to `get_embedding_dimension`.
a3-partial-1:104: FutureWarning: The `get_sentence_embedding_dimension` method has been renamed to `get_embedding_dimension`.
a3-partial-1:104: FutureWarning: The `get_sentence_embedding_dimension` method has been renamed to `get_embedding_dimension`.
a3-partial-1:104: FutureWarning: The `get_sentence_embedding_dimension` method has been renamed to `get_embedding_dimension`.
a3-partial-1:104: FutureWarning: The `get_sentence_embedding_dimension` method has been renamed to `get_embedding_dimension`.
a3-partial-1:104: FutureWarning: The `get_sentence_embedding_dimension` method has been renamed to `get_embedding_dimension`.
a3-partial-1:104: FutureWarning: The `get_sentence_embedding_dimension` method has been renamed to `get_embedding_dimension`.
a3-partial-1:104: FutureWarning: The `get_sentence_embedding_dimension` method has been renamed to `get_embedding_dimension`.
a3-partial-1:104: FutureWarning: The `get_sentence_embedding_dimension` method has been renamed to `get_embedding_dimension`.
a3-partial-1:104: FutureWarning: The `get_sentence_embedding_dimension` method has been renamed to `get_embedding_dimension`.
a3-partial-1:104: FutureWarning: The `get_sentence_embedding_dimension` method has been renamed to `get_embedding_dimension`.
Loading weights:   0%|          | 0/103 [00:00<?, ?it/s]Loading weights: 100%|██████████| 103/103 [00:00<00:00, 4571.96it/s]
a3-partial-1:97: FutureWarning: The `get_sentence_embedding_dimension` method has been renamed to `get_embedding_dimension`.
a3-partial-1:104: FutureWarning: The `get_sentence_embedding_dimension` method has been renamed to `get_embedding_dimension`.
a3-partial-1:104: FutureWarning: The `get_sentence_embedding_dimension` method has been renamed to `get_embedding_dimension`.
a3-partial-1:104: FutureWarning: The `get_sentence_embedding_dimension` method has been renamed to `get_embedding_dimension`.
a3-partial-1:104: FutureWarning: The `get_sentence_embedding_dimension` method has been renamed to `get_embedding_dimension`.
a3-partial-1:104: FutureWarning: The `get_sentence_embedding_dimension` method has been renamed to `get_embedding_dimension`.
a3-partial-1:104: FutureWarning: The `get_sentence_embedding_dimension` method has been renamed to `get_embedding_dimension`.
a3-partial-1:104: FutureWarning: The `get_sentence_embedding_dimension` method has been renamed to `get_embedding_dimension`.
a3-partial-1:104: FutureWarning: The `get_sentence_embedding_dimension` method has been renamed to `get_embedding_dimension`.
a3-partial-1:104: FutureWarning: The `get_sentence_embedding_dimension` method has been renamed to `get_embedding_dimension`.
a3-partial-1:104: FutureWarning: The `get_sentence_embedding_dimension` method has been renamed to `get_embedding_dimension`.
a3-partial-1:104: FutureWarning: The `get_sentence_embedding_dimension` method has been renamed to `get_embedding_dimension`.
a3-partial-1:104: FutureWarning: The `get_sentence_embedding_dimension` method has been renamed to `get_embedding_dimension`.
