================================================
STRUCTML SAGE BASIS SWEEP: rel-trial
================================================
Job ID: 368583
Node: lambda1
Starting at: Mon Jul 13 09:16:22 PM IDT 2026

Python: /home/zina.assi/miniconda3/envs/structml/bin/python
Conda env: structml
Artifacts: /home/zina.assi/struct/structed_ML/hw3/artifacts

### hpc_sage_basis: rel-trial | artifacts -> /home/zina.assi/struct/structed_ML/hw3/artifacts

===== exec cell aspect1-1 =====
device: cuda | pyg-lib: True

===== exec cell aspect1-3 =====

===== exec cell sage-basis-1 =====

===== exec cell sage-basis-2 =====

##### sage-basis sweep: rel-trial #####
Loading Database object from /home/zina.assi/.cache/relbench/rel-trial/db...
Done in 18.42 seconds.
rel-trial: 30 relations | basis sweep: [1, 2, 4, 8, 12, 16, 20, 24, 28, 30]
  bases=1 seed=42: cached, skipping
  bases=1 seed=43: cached, skipping
  bases=1 seed=44: cached, skipping
  bases=2 seed=42: cached, skipping
  bases=2 seed=43: cached, skipping
  bases=2 seed=44: cached, skipping
  bases=4 seed=42: cached, skipping
  bases=4 seed=43: cached, skipping
  bases=4 seed=44: cached, skipping
  bases=8 seed=42: cached, skipping
  bases=8 seed=43: cached, skipping
  bases=8 seed=44: cached, skipping
  bases=12 seed=42: AUROC 0.6841 | params 7,077,153 | 52s
  bases=12 seed=43: AUROC 0.6938 | params 7,077,153 | 59s
  bases=12 seed=44: AUROC 0.6862 | params 7,077,153 | 67s
  bases=16 seed=42: AUROC 0.6858 | params 7,339,777 | 62s
  bases=16 seed=43: AUROC 0.6979 | params 7,339,777 | 66s
  bases=16 seed=44: AUROC 0.6898 | params 7,339,777 | 51s
  bases=20 seed=42: AUROC 0.6797 | params 7,602,401 | 55s
  bases=20 seed=43: AUROC 0.6895 | params 7,602,401 | 50s
  bases=20 seed=44: AUROC 0.6869 | params 7,602,401 | 76s
  bases=24 seed=42: AUROC 0.6830 | params 7,865,025 | 41s
  bases=24 seed=43: AUROC 0.6916 | params 7,865,025 | 55s
  bases=24 seed=44: AUROC 0.6851 | params 7,865,025 | 64s
  bases=28 seed=42: AUROC 0.6910 | params 8,127,649 | 55s
  bases=28 seed=43: AUROC 0.6867 | params 8,127,649 | 51s
  bases=28 seed=44: AUROC 0.6756 | params 8,127,649 | 49s
  bases=30 seed=42: cached, skipping
  bases=30 seed=43: cached, skipping
  bases=30 seed=44: cached, skipping

### DONE: sage-basis sweep for rel-trial

================================================
SAGE BASIS SWEEP rel-trial COMPLETE - exit code 0
Finished at: Mon Jul 13 09:37:15 PM IDT 2026
================================================
